
**** 03/21/20 15:01:35 *********** Evaluation PSpice (Nov 1999) **************

 * D:\University of Hail\2019-2020\Second\EE203 Electronic\Lab\ElectronicExp\app file\Experiment-5\Schematic5.1o.sch


 ****     CIRCUIT DESCRIPTION


******************************************************************************




* Schematics Version 9.1 - Web Update 1
* Sat Mar 21 15:01:28 2020



** Analysis setup **
.tran 20ns 3ms
.OP 
.STMLIB "Schematic5.1o.stl"


* From [PSPICE NETLIST] section of pspiceev.ini:
.lib "nom.lib"

.INC "Schematic5.1o.net"

**** INCLUDING Schematic5.1o.net ****
* Schematics Netlist *



R_R1         $N_0002 $N_0001  1k  
V_V3         $N_0003 $N_0004 5V
V_V2         $N_0005 $N_0003 5V
D_D1         $N_0001 $N_0005 D1N4002 
D_D2         $N_0004 $N_0001 D1N4002 
V_V1         $N_0002 $N_0003 DC 0 
+SIN 0 10V 2K 0 0 0

**** RESUMING Schematic5.1o.cir ****
.INC "Schematic5.1o.als"



**** INCLUDING Schematic5.1o.als ****
* Schematics Aliases *

.ALIASES
R_R1            R1(1=$N_0002 2=$N_0001 )
V_V3            V3(+=$N_0003 -=$N_0004 )
V_V2            V2(+=$N_0005 -=$N_0003 )
D_D1            D1(1=$N_0001 2=$N_0005 )
D_D2            D2(1=$N_0004 2=$N_0001 )
V_V1            V1(+=$N_0002 -=$N_0003 )
.ENDALIASES


**** RESUMING Schematic5.1o.cir ****
.probe


.END

ERROR -- Node $N_0002 is floating
ERROR -- Node $N_0001 is floating
ERROR -- Node $N_0003 is floating
ERROR -- Node $N_0004 is floating
ERROR -- Node $N_0005 is floating