
**** 03/30/20 17:22:40 *********** Evaluation PSpice (Nov 1999) **************

 * D:\University of Hail\2019-2020\Second\EE203 Electronic\Lab\ElectronicExp\app file\Experiment-6\Experiment6.sch


 ****     CIRCUIT DESCRIPTION


******************************************************************************




* Schematics Version 9.1 - Web Update 1
* Mon Mar 30 17:22:37 2020



** Analysis setup **
.DC LIN V_VCE 0 8 0.1 
+  I_IB LIST 
+ 0.1mA 0.3mA 0.5mA
.OP 


* From [PSPICE NETLIST] section of pspiceev.ini:
.lib "nom.lib"

.INC "Experiment6.net"

**** INCLUDING Experiment6.net ****
* Schematics Netlist *



I_IB         0 $N_0001 DC 0A  
Q_Q1         $N_0002 $N_0001 0 Q2N3904
V_VCE         $N_0002 0 0V

**** RESUMING Experiment6.cir ****
.INC "Experiment6.als"



**** INCLUDING Experiment6.als ****
* Schematics Aliases *

.ALIASES
I_IB            IB(+=0 -=$N_0001 )
Q_Q1            Q1(c=$N_0002 b=$N_0001 e=0 )
V_VCE           VCE(+=$N_0002 -=0 )
.ENDALIASES


**** RESUMING Experiment6.cir ****
.probe


.END

**** 03/30/20 17:22:40 *********** Evaluation PSpice (Nov 1999) **************

 * D:\University of Hail\2019-2020\Second\EE203 Electronic\Lab\ElectronicExp\app file\Experiment-6\Experiment6.sch


 ****     BJT MODEL PARAMETERS


******************************************************************************




               Q2N3904         
               NPN             
          IS    6.734000E-15 
          BF  416.4          
          NF    1            
         VAF   74.03         
         IKF     .06678      
         ISE    6.734000E-15 
          NE    1.259        
          BR     .7371       
          NR    1            
          RB   10            
          RC    1            
         CJE    4.493000E-12 
         MJE     .2593       
         CJC    3.638000E-12 
         MJC     .3085       
          TF  301.200000E-12 
         XTF    2            
         VTF    4            
         ITF     .4          
          TR  239.500000E-09 
         XTB    1.5          
          CN    2.42         
           D     .87         


**** 03/30/20 17:22:40 *********** Evaluation PSpice (Nov 1999) **************

 * D:\University of Hail\2019-2020\Second\EE203 Electronic\Lab\ElectronicExp\app file\Experiment-6\Experiment6.sch


 ****     SMALL SIGNAL BIAS SOLUTION       TEMPERATURE =   27.000 DEG C


******************************************************************************



 NODE   VOLTAGE     NODE   VOLTAGE     NODE   VOLTAGE     NODE   VOLTAGE


($N_0001) 87.04E-15                   ($N_0002)    0.0000                   




    VOLTAGE SOURCE CURRENTS
    NAME         CURRENT

    V_VCE       -2.443E-26

    TOTAL POWER DISSIPATION   0.00E+00  WATTS


**** 03/30/20 17:22:40 *********** Evaluation PSpice (Nov 1999) **************

 * D:\University of Hail\2019-2020\Second\EE203 Electronic\Lab\ElectronicExp\app file\Experiment-6\Experiment6.sch


 ****     OPERATING POINT INFORMATION      TEMPERATURE =   27.000 DEG C


******************************************************************************






**** BIPOLAR JUNCTION TRANSISTORS


NAME         Q_Q1      
MODEL        Q2N3904   
IB           1.67E-25 
IC          -1.49E-25 
VBE          8.70E-14 
VBC          8.70E-14 
VCE          0.00E+00 
BETADC      -1.49E-05 
GM           0.00E+00 
RPI          4.77E+12 
RX           1.00E+01 
RO           7.93E+11 
CBE          4.49E-12 
CBC          3.64E-12 
CJS          0.00E+00 
BETAAC       0.00E+00 
CBX/CBX2     0.00E+00 
FT/FT2       0.00E+00 



          JOB CONCLUDED

          TOTAL JOB TIME             .06
